Determining if the pthread_create exist failed with the following output:
Change Dir: /home/rob/370/exercises/wk_1/1/c/cmake-build-release/CMakeFiles/CMakeTmp

Run Build Command:"/usr/bin/make" "cmTC_655a7/fast"
/usr/bin/make -f CMakeFiles/cmTC_655a7.dir/build.make CMakeFiles/cmTC_655a7.dir/build
make[1]: Entering directory '/home/rob/370/exercises/wk_1/1/c/cmake-build-release/CMakeFiles/CMakeTmp'
Building C object CMakeFiles/cmTC_655a7.dir/CheckSymbolExists.c.o
/usr/bin/cc     -o CMakeFiles/cmTC_655a7.dir/CheckSymbolExists.c.o   -c /home/rob/370/exercises/wk_1/1/c/cmake-build-release/CMakeFiles/CMakeTmp/CheckSymbolExists.c
Linking C executable cmTC_655a7
/opt/JetBrains/apps/CLion/ch-0/163.10154.43/bin/cmake/bin/cmake -E cmake_link_script CMakeFiles/cmTC_655a7.dir/link.txt --verbose=1
/usr/bin/cc       CMakeFiles/cmTC_655a7.dir/CheckSymbolExists.c.o  -o cmTC_655a7 
CMakeFiles/cmTC_655a7.dir/CheckSymbolExists.c.o: In function `main':
CheckSymbolExists.c:(.text+0x16): undefined reference to `pthread_create'
collect2: error: ld returned 1 exit status
make[1]: *** [CMakeFiles/cmTC_655a7.dir/build.make:98: cmTC_655a7] Error 1
make[1]: Leaving directory '/home/rob/370/exercises/wk_1/1/c/cmake-build-release/CMakeFiles/CMakeTmp'
make: *** [Makefile:126: cmTC_655a7/fast] Error 2

File /home/rob/370/exercises/wk_1/1/c/cmake-build-release/CMakeFiles/CMakeTmp/CheckSymbolExists.c:
/* */
#include <pthread.h>

int main(int argc, char** argv)
{
  (void)argv;
#ifndef pthread_create
  return ((int*)(&pthread_create))[argc];
#else
  (void)argc;
  return 0;
#endif
}

Determining if the function pthread_create exists in the pthreads failed with the following output:
Change Dir: /home/rob/370/exercises/wk_1/1/c/cmake-build-release/CMakeFiles/CMakeTmp

Run Build Command:"/usr/bin/make" "cmTC_19ce9/fast"
/usr/bin/make -f CMakeFiles/cmTC_19ce9.dir/build.make CMakeFiles/cmTC_19ce9.dir/build
make[1]: Entering directory '/home/rob/370/exercises/wk_1/1/c/cmake-build-release/CMakeFiles/CMakeTmp'
Building C object CMakeFiles/cmTC_19ce9.dir/CheckFunctionExists.c.o
/usr/bin/cc    -DCHECK_FUNCTION_EXISTS=pthread_create   -o CMakeFiles/cmTC_19ce9.dir/CheckFunctionExists.c.o   -c /opt/JetBrains/apps/CLion/ch-0/163.10154.43/bin/cmake/share/cmake-3.6/Modules/CheckFunctionExists.c
Linking C executable cmTC_19ce9
/opt/JetBrains/apps/CLion/ch-0/163.10154.43/bin/cmake/bin/cmake -E cmake_link_script CMakeFiles/cmTC_19ce9.dir/link.txt --verbose=1
/usr/bin/cc   -DCHECK_FUNCTION_EXISTS=pthread_create    CMakeFiles/cmTC_19ce9.dir/CheckFunctionExists.c.o  -o cmTC_19ce9 -lpthreads 
/usr/bin/ld: cannot find -lpthreads
collect2: error: ld returned 1 exit status
make[1]: *** [CMakeFiles/cmTC_19ce9.dir/build.make:98: cmTC_19ce9] Error 1
make[1]: Leaving directory '/home/rob/370/exercises/wk_1/1/c/cmake-build-release/CMakeFiles/CMakeTmp'
make: *** [Makefile:126: cmTC_19ce9/fast] Error 2


